<?xml version="1.0" encoding="UTF-8"?>
<!-- Generated by org.testng.reporters.JUnitReportReporter -->
<testsuite hostname="DESKTOP-9JCE1NT" failures="0" tests="1" name="reorderItems" time="25.873" errors="0" timestamp="2023-03-22T17:59:11 EEST" skipped="0">
  <testcase classname="reorderItems" name="reorder" time="25.873"/>
  <system-out/>
</testsuite> <!-- reorderItems -->
