<?xml version="1.0" encoding="UTF-8"?>
<!-- Generated by org.testng.reporters.JUnitReportReporter -->
<testsuite hostname="DESKTOP-9JCE1NT" failures="0" tests="20" name="LumaSite" time="327.731" errors="0" timestamp="2023-03-22T17:54:17 EEST" skipped="0">
  <testcase classname="LumaSite" name="SignUp" time="24.665"/>
  <system-out/>
  <testcase classname="LumaSite" name="SignIn" time="12.863"/>
  <system-out/>
  <testcase classname="LumaSite" name="searchBar" time="4.571"/>
  <system-out/>
  <testcase classname="LumaSite" name="addRadiantTee" time="17.519"/>
  <system-out/>
  <testcase classname="LumaSite" name="addRadiantTee" time="17.585"/>
  <system-out/>
  <testcase classname="LumaSite" name="addRadiantTee" time="18.197"/>
  <system-out/>
  <testcase classname="LumaSite" name="addBreatheEasyTank" time="17.565"/>
  <system-out/>
  <testcase classname="LumaSite" name="addBreatheEasyTank" time="17.484"/>
  <system-out/>
  <testcase classname="LumaSite" name="addArgusAllWeatherTank" time="20.834"/>
  <system-out/>
  <testcase classname="LumaSite" name="addArgusAllWeatherTank" time="21.087"/>
  <system-out/>
  <testcase classname="LumaSite" name="addArgusAllWeatherTank" time="20.925"/>
  <system-out/>
  <testcase classname="LumaSite" name="addArgusAllWeatherTank" time="20.856"/>
  <system-out/>
  <testcase classname="LumaSite" name="addHeroHoodie" time="18.378"/>
  <system-out/>
  <testcase classname="LumaSite" name="pushItMessengerBack" time="8.918"/>
  <system-out/>
  <testcase classname="LumaSite" name="pushItMessengerBack" time="8.681"/>
  <system-out/>
  <testcase classname="LumaSite" name="pushItMessengerBack" time="8.694"/>
  <system-out/>
  <testcase classname="LumaSite" name="pushItMessengerBack" time="8.756"/>
  <system-out/>
  <testcase classname="LumaSite" name="pushItMessengerBack" time="8.813"/>
  <system-out/>
  <testcase classname="LumaSite" name="checkOutForm" time="38.570"/>
  <system-out/>
  <testcase classname="LumaSite" name="checkThePrice" time="12.770"/>
  <system-out/>
</testsuite> <!-- LumaSite -->
